{
  "RSpec": {
    "coverage": {
      "/Users/igormagalhaes/Desktop/turing/4mod/intermission/tea_subscription/app/models/customer.rb": {
        "lines": [
          1,
          1,
          null
        ]
      },
      "/Users/igormagalhaes/Desktop/turing/4mod/intermission/tea_subscription/app/models/application_record.rb": {
        "lines": [
          1,
          1,
          null
        ]
      },
      "/Users/igormagalhaes/Desktop/turing/4mod/intermission/tea_subscription/spec/models/subscription_spec.rb": {
        "lines": [
          1,
          null,
          1,
          2,
          null
        ]
      },
      "/Users/igormagalhaes/Desktop/turing/4mod/intermission/tea_subscription/app/models/subscription.rb": {
        "lines": [
          1,
          1,
          null
        ]
      },
      "/Users/igormagalhaes/Desktop/turing/4mod/intermission/tea_subscription/spec/models/tea_spec.rb": {
        "lines": [
          1,
          null,
          1,
          null,
          null
        ]
      },
      "/Users/igormagalhaes/Desktop/turing/4mod/intermission/tea_subscription/app/models/tea.rb": {
        "lines": [
          1,
          null
        ]
      }
    },
    "timestamp": 1714743536
  }
}
